c:\users\juanc\documents\uad\4to cuatrimestre\programación iii\uad_progra3\launcher\x64\release\launcher.pch
c:\users\juanc\documents\uad\4to cuatrimestre\programación iii\uad_progra3\launcher\x64\release\vc143.pdb
c:\users\juanc\documents\uad\4to cuatrimestre\programación iii\uad_progra3\launcher\x64\release\pch.obj
c:\users\juanc\documents\uad\4to cuatrimestre\programación iii\uad_progra3\launcher\x64\release\launcherdlg.obj
c:\users\juanc\documents\uad\4to cuatrimestre\programación iii\uad_progra3\launcher\x64\release\launcher.obj
c:\users\juanc\documents\uad\4to cuatrimestre\programación iii\uad_progra3\uad_progra3\x64\release\launcher.exe
c:\users\juanc\documents\uad\4to cuatrimestre\programación iii\uad_progra3\launcher\x64\release\launcher.ipdb
c:\users\juanc\documents\uad\4to cuatrimestre\programación iii\uad_progra3\uad_progra3\x64\release\launcher.pdb
c:\users\juanc\documents\uad\4to cuatrimestre\programación iii\uad_progra3\launcher\x64\release\launcher.iobj
c:\users\juanc\documents\uad\4to cuatrimestre\programación iii\uad_progra3\launcher\x64\release\launcher.res
c:\users\juanc\documents\uad\4to cuatrimestre\programación iii\uad_progra3\launcher\x64\release\launcher.tlog\cl.command.1.tlog
c:\users\juanc\documents\uad\4to cuatrimestre\programación iii\uad_progra3\launcher\x64\release\launcher.tlog\cl.items.tlog
c:\users\juanc\documents\uad\4to cuatrimestre\programación iii\uad_progra3\launcher\x64\release\launcher.tlog\cl.read.1.tlog
c:\users\juanc\documents\uad\4to cuatrimestre\programación iii\uad_progra3\launcher\x64\release\launcher.tlog\cl.write.1.tlog
c:\users\juanc\documents\uad\4to cuatrimestre\programación iii\uad_progra3\launcher\x64\release\launcher.tlog\link.command.1.tlog
c:\users\juanc\documents\uad\4to cuatrimestre\programación iii\uad_progra3\launcher\x64\release\launcher.tlog\link.read.1.tlog
c:\users\juanc\documents\uad\4to cuatrimestre\programación iii\uad_progra3\launcher\x64\release\launcher.tlog\link.write.1.tlog
c:\users\juanc\documents\uad\4to cuatrimestre\programación iii\uad_progra3\launcher\x64\release\launcher.tlog\rc.command.1.tlog
c:\users\juanc\documents\uad\4to cuatrimestre\programación iii\uad_progra3\launcher\x64\release\launcher.tlog\rc.read.1.tlog
c:\users\juanc\documents\uad\4to cuatrimestre\programación iii\uad_progra3\launcher\x64\release\launcher.tlog\rc.write.1.tlog
