c:\users\juanc\documents\uad\4to cuatrimestre\programación iii\uad_progra3\launcher\x64\debug\launcher.pch
c:\users\juanc\documents\uad\4to cuatrimestre\programación iii\uad_progra3\launcher\x64\debug\vc143.pdb
c:\users\juanc\documents\uad\4to cuatrimestre\programación iii\uad_progra3\launcher\x64\debug\vc143.idb
c:\users\juanc\documents\uad\4to cuatrimestre\programación iii\uad_progra3\launcher\x64\debug\pch.obj
c:\users\juanc\documents\uad\4to cuatrimestre\programación iii\uad_progra3\launcher\x64\debug\launcherdlg.obj
c:\users\juanc\documents\uad\4to cuatrimestre\programación iii\uad_progra3\launcher\x64\debug\launcher.obj
c:\users\juanc\documents\uad\4to cuatrimestre\programación iii\uad_progra3\uad_progra3\x64\debug\launcher.exe
c:\users\juanc\documents\uad\4to cuatrimestre\programación iii\uad_progra3\launcher\x64\debug\launcher.ilk
c:\users\juanc\documents\uad\4to cuatrimestre\programación iii\uad_progra3\uad_progra3\x64\debug\launcher.pdb
c:\users\juanc\documents\uad\4to cuatrimestre\programación iii\uad_progra3\launcher\x64\debug\launcher.res
c:\users\juanc\documents\uad\4to cuatrimestre\programación iii\uad_progra3\launcher\x64\debug\launcher.tlog\cl.command.1.tlog
c:\users\juanc\documents\uad\4to cuatrimestre\programación iii\uad_progra3\launcher\x64\debug\launcher.tlog\cl.items.tlog
c:\users\juanc\documents\uad\4to cuatrimestre\programación iii\uad_progra3\launcher\x64\debug\launcher.tlog\cl.read.1.tlog
c:\users\juanc\documents\uad\4to cuatrimestre\programación iii\uad_progra3\launcher\x64\debug\launcher.tlog\cl.write.1.tlog
c:\users\juanc\documents\uad\4to cuatrimestre\programación iii\uad_progra3\launcher\x64\debug\launcher.tlog\link.command.1.tlog
c:\users\juanc\documents\uad\4to cuatrimestre\programación iii\uad_progra3\launcher\x64\debug\launcher.tlog\link.read.1.tlog
c:\users\juanc\documents\uad\4to cuatrimestre\programación iii\uad_progra3\launcher\x64\debug\launcher.tlog\link.write.1.tlog
c:\users\juanc\documents\uad\4to cuatrimestre\programación iii\uad_progra3\launcher\x64\debug\launcher.tlog\rc.command.1.tlog
c:\users\juanc\documents\uad\4to cuatrimestre\programación iii\uad_progra3\launcher\x64\debug\launcher.tlog\rc.read.1.tlog
c:\users\juanc\documents\uad\4to cuatrimestre\programación iii\uad_progra3\launcher\x64\debug\launcher.tlog\rc.write.1.tlog
